{"/home/alvaropaco/Projects/testProject/api/responses/badRequest.js":{"path":"/home/alvaropaco/Projects/testProject/api/responses/badRequest.js","s":{"1":1,"2":0,"3":0,"4":0,"5":0,"6":0,"7":0,"8":0,"9":0,"10":0,"11":0,"12":0,"13":0,"14":0,"15":0,"16":0,"17":0,"18":0,"19":0,"20":0,"21":0,"22":0},"b":{"1":[0,0],"2":[0,0],"3":[0,0],"4":[0,0],"5":[0,0],"6":[0,0],"7":[0,0],"8":[0,0],"9":[0,0],"10":[0,0]},"f":{"1":0,"2":0},"fnMap":{"1":{"name":"badRequest","line":18,"loc":{"start":{"line":18,"column":17},"end":{"line":18,"column":52}}},"2":{"name":"couldNotGuessView","line":71,"loc":{"start":{"line":71,"column":70},"end":{"line":71,"column":100}}}},"statementMap":{"1":{"start":{"line":18,"column":0},"end":{"line":75,"column":2}},"2":{"start":{"line":21,"column":2},"end":{"line":21,"column":21}},"3":{"start":{"line":22,"column":2},"end":{"line":22,"column":21}},"4":{"start":{"line":23,"column":2},"end":{"line":23,"column":25}},"5":{"start":{"line":26,"column":2},"end":{"line":26,"column":18}},"6":{"start":{"line":29,"column":2},"end":{"line":32,"column":65}},"7":{"start":{"line":30,"column":4},"end":{"line":30,"column":71}},"8":{"start":{"line":32,"column":7},"end":{"line":32,"column":65}},"9":{"start":{"line":37,"column":2},"end":{"line":39,"column":3}},"10":{"start":{"line":38,"column":4},"end":{"line":38,"column":21}},"11":{"start":{"line":43,"column":2},"end":{"line":45,"column":3}},"12":{"start":{"line":44,"column":4},"end":{"line":44,"column":27}},"13":{"start":{"line":49,"column":2},"end":{"line":49,"column":78}},"14":{"start":{"line":52,"column":2},"end":{"line":52,"column":22}},"15":{"start":{"line":53,"column":2},"end":{"line":60,"column":3}},"16":{"start":{"line":54,"column":4},"end":{"line":59,"column":5}},"17":{"start":{"line":55,"column":6},"end":{"line":55,"column":62}},"18":{"start":{"line":58,"column":6},"end":{"line":58,"column":27}},"19":{"start":{"line":65,"column":2},"end":{"line":73,"column":5}},"20":{"start":{"line":66,"column":4},"end":{"line":66,"column":76}},"21":{"start":{"line":71,"column":7},"end":{"line":73,"column":5}},"22":{"start":{"line":72,"column":4},"end":{"line":72,"column":27}}},"branchMap":{"1":{"line":29,"type":"if","locations":[{"start":{"line":29,"column":2},"end":{"line":29,"column":2}},{"start":{"line":29,"column":2},"end":{"line":29,"column":2}}]},"2":{"line":37,"type":"if","locations":[{"start":{"line":37,"column":2},"end":{"line":37,"column":2}},{"start":{"line":37,"column":2},"end":{"line":37,"column":2}}]},"3":{"line":37,"type":"binary-expr","locations":[{"start":{"line":37,"column":6},"end":{"line":37,"column":47}},{"start":{"line":37,"column":51},"end":{"line":37,"column":91}}]},"4":{"line":43,"type":"if","locations":[{"start":{"line":43,"column":2},"end":{"line":43,"column":2}},{"start":{"line":43,"column":2},"end":{"line":43,"column":2}}]},"5":{"line":43,"type":"binary-expr","locations":[{"start":{"line":43,"column":6},"end":{"line":43,"column":19}},{"start":{"line":43,"column":23},"end":{"line":43,"column":57}}]},"6":{"line":49,"type":"cond-expr","locations":[{"start":{"line":49,"column":44},"end":{"line":49,"column":61}},{"start":{"line":49,"column":64},"end":{"line":49,"column":77}}]},"7":{"line":49,"type":"binary-expr","locations":[{"start":{"line":49,"column":64},"end":{"line":49,"column":71}},{"start":{"line":49,"column":75},"end":{"line":49,"column":77}}]},"8":{"line":53,"type":"if","locations":[{"start":{"line":53,"column":2},"end":{"line":53,"column":2}},{"start":{"line":53,"column":2},"end":{"line":53,"column":2}}]},"9":{"line":53,"type":"binary-expr","locations":[{"start":{"line":53,"column":6},"end":{"line":53,"column":34}},{"start":{"line":53,"column":38},"end":{"line":53,"column":65}}]},"10":{"line":65,"type":"if","locations":[{"start":{"line":65,"column":2},"end":{"line":65,"column":2}},{"start":{"line":65,"column":2},"end":{"line":65,"column":2}}]}}},"/home/alvaropaco/Projects/testProject/api/responses/created.js":{"path":"/home/alvaropaco/Projects/testProject/api/responses/created.js","s":{"1":1,"2":0,"3":0,"4":0,"5":0,"6":0,"7":0,"8":0,"9":0,"10":0,"11":0,"12":0,"13":0,"14":0,"15":0,"16":0,"17":0,"18":0},"b":{"1":[0,0],"2":[0,0],"3":[0,0],"4":[0,0],"5":[0,0],"6":[0,0],"7":[0,0]},"f":{"1":0,"2":0},"fnMap":{"1":{"name":"created","line":14,"loc":{"start":{"line":14,"column":17},"end":{"line":14,"column":50}}},"2":{"name":"couldNotGuessView","line":56,"loc":{"start":{"line":56,"column":66},"end":{"line":56,"column":96}}}},"statementMap":{"1":{"start":{"line":14,"column":0},"end":{"line":60,"column":2}},"2":{"start":{"line":17,"column":2},"end":{"line":17,"column":21}},"3":{"start":{"line":18,"column":2},"end":{"line":18,"column":21}},"4":{"start":{"line":19,"column":2},"end":{"line":19,"column":25}},"5":{"start":{"line":21,"column":2},"end":{"line":21,"column":71}},"6":{"start":{"line":24,"column":2},"end":{"line":24,"column":18}},"7":{"start":{"line":28,"column":2},"end":{"line":30,"column":3}},"8":{"start":{"line":29,"column":4},"end":{"line":29,"column":27}},"9":{"start":{"line":34,"column":2},"end":{"line":34,"column":78}},"10":{"start":{"line":37,"column":2},"end":{"line":37,"column":22}},"11":{"start":{"line":38,"column":2},"end":{"line":45,"column":3}},"12":{"start":{"line":39,"column":4},"end":{"line":44,"column":5}},"13":{"start":{"line":40,"column":6},"end":{"line":40,"column":62}},"14":{"start":{"line":43,"column":6},"end":{"line":43,"column":27}},"15":{"start":{"line":50,"column":2},"end":{"line":58,"column":5}},"16":{"start":{"line":51,"column":4},"end":{"line":51,"column":72}},"17":{"start":{"line":56,"column":7},"end":{"line":58,"column":5}},"18":{"start":{"line":57,"column":4},"end":{"line":57,"column":27}}},"branchMap":{"1":{"line":28,"type":"if","locations":[{"start":{"line":28,"column":2},"end":{"line":28,"column":2}},{"start":{"line":28,"column":2},"end":{"line":28,"column":2}}]},"2":{"line":28,"type":"binary-expr","locations":[{"start":{"line":28,"column":6},"end":{"line":28,"column":19}},{"start":{"line":28,"column":23},"end":{"line":28,"column":57}}]},"3":{"line":34,"type":"cond-expr","locations":[{"start":{"line":34,"column":44},"end":{"line":34,"column":61}},{"start":{"line":34,"column":64},"end":{"line":34,"column":77}}]},"4":{"line":34,"type":"binary-expr","locations":[{"start":{"line":34,"column":64},"end":{"line":34,"column":71}},{"start":{"line":34,"column":75},"end":{"line":34,"column":77}}]},"5":{"line":38,"type":"if","locations":[{"start":{"line":38,"column":2},"end":{"line":38,"column":2}},{"start":{"line":38,"column":2},"end":{"line":38,"column":2}}]},"6":{"line":38,"type":"binary-expr","locations":[{"start":{"line":38,"column":6},"end":{"line":38,"column":34}},{"start":{"line":38,"column":38},"end":{"line":38,"column":65}}]},"7":{"line":50,"type":"if","locations":[{"start":{"line":50,"column":2},"end":{"line":50,"column":2}},{"start":{"line":50,"column":2},"end":{"line":50,"column":2}}]}}},"/home/alvaropaco/Projects/testProject/api/responses/forbidden.js":{"path":"/home/alvaropaco/Projects/testProject/api/responses/forbidden.js","s":{"1":1,"2":0,"3":0,"4":0,"5":0,"6":0,"7":0,"8":0,"9":0,"10":0,"11":0,"12":0,"13":0,"14":0,"15":0,"16":0,"17":0,"18":0,"19":0,"20":0,"21":0,"22":0,"23":0,"24":0,"25":0,"26":0,"27":0},"b":{"1":[0,0],"2":[0,0],"3":[0,0],"4":[0,0],"5":[0,0],"6":[0,0],"7":[0,0],"8":[0,0],"9":[0,0],"10":[0,0],"11":[0,0],"12":[0,0]},"f":{"1":0,"2":0},"fnMap":{"1":{"name":"forbidden","line":15,"loc":{"start":{"line":15,"column":17},"end":{"line":15,"column":52}}},"2":{"name":"(anonymous_2)","line":68,"loc":{"start":{"line":68,"column":70},"end":{"line":68,"column":91}}}},"statementMap":{"1":{"start":{"line":15,"column":0},"end":{"line":88,"column":2}},"2":{"start":{"line":18,"column":2},"end":{"line":18,"column":21}},"3":{"start":{"line":19,"column":2},"end":{"line":19,"column":21}},"4":{"start":{"line":20,"column":2},"end":{"line":20,"column":25}},"5":{"start":{"line":23,"column":2},"end":{"line":23,"column":18}},"6":{"start":{"line":26,"column":2},"end":{"line":29,"column":63}},"7":{"start":{"line":27,"column":4},"end":{"line":27,"column":69}},"8":{"start":{"line":29,"column":7},"end":{"line":29,"column":63}},"9":{"start":{"line":34,"column":2},"end":{"line":36,"column":3}},"10":{"start":{"line":35,"column":4},"end":{"line":35,"column":21}},"11":{"start":{"line":40,"column":2},"end":{"line":42,"column":3}},"12":{"start":{"line":41,"column":4},"end":{"line":41,"column":27}},"13":{"start":{"line":46,"column":2},"end":{"line":46,"column":78}},"14":{"start":{"line":49,"column":2},"end":{"line":49,"column":22}},"15":{"start":{"line":50,"column":2},"end":{"line":57,"column":3}},"16":{"start":{"line":51,"column":4},"end":{"line":56,"column":5}},"17":{"start":{"line":52,"column":6},"end":{"line":52,"column":62}},"18":{"start":{"line":55,"column":6},"end":{"line":55,"column":27}},"19":{"start":{"line":62,"column":2},"end":{"line":86,"column":5}},"20":{"start":{"line":63,"column":4},"end":{"line":63,"column":74}},"21":{"start":{"line":68,"column":7},"end":{"line":86,"column":5}},"22":{"start":{"line":71,"column":4},"end":{"line":83,"column":5}},"23":{"start":{"line":75,"column":6},"end":{"line":81,"column":7}},"24":{"start":{"line":76,"column":8},"end":{"line":76,"column":124}},"25":{"start":{"line":80,"column":8},"end":{"line":80,"column":145}},"26":{"start":{"line":82,"column":6},"end":{"line":82,"column":29}},"27":{"start":{"line":85,"column":4},"end":{"line":85,"column":26}}},"branchMap":{"1":{"line":26,"type":"if","locations":[{"start":{"line":26,"column":2},"end":{"line":26,"column":2}},{"start":{"line":26,"column":2},"end":{"line":26,"column":2}}]},"2":{"line":34,"type":"if","locations":[{"start":{"line":34,"column":2},"end":{"line":34,"column":2}},{"start":{"line":34,"column":2},"end":{"line":34,"column":2}}]},"3":{"line":34,"type":"binary-expr","locations":[{"start":{"line":34,"column":6},"end":{"line":34,"column":47}},{"start":{"line":34,"column":51},"end":{"line":34,"column":91}}]},"4":{"line":40,"type":"if","locations":[{"start":{"line":40,"column":2},"end":{"line":40,"column":2}},{"start":{"line":40,"column":2},"end":{"line":40,"column":2}}]},"5":{"line":40,"type":"binary-expr","locations":[{"start":{"line":40,"column":6},"end":{"line":40,"column":19}},{"start":{"line":40,"column":23},"end":{"line":40,"column":57}}]},"6":{"line":46,"type":"cond-expr","locations":[{"start":{"line":46,"column":44},"end":{"line":46,"column":61}},{"start":{"line":46,"column":64},"end":{"line":46,"column":77}}]},"7":{"line":46,"type":"binary-expr","locations":[{"start":{"line":46,"column":64},"end":{"line":46,"column":71}},{"start":{"line":46,"column":75},"end":{"line":46,"column":77}}]},"8":{"line":50,"type":"if","locations":[{"start":{"line":50,"column":2},"end":{"line":50,"column":2}},{"start":{"line":50,"column":2},"end":{"line":50,"column":2}}]},"9":{"line":50,"type":"binary-expr","locations":[{"start":{"line":50,"column":6},"end":{"line":50,"column":34}},{"start":{"line":50,"column":38},"end":{"line":50,"column":65}}]},"10":{"line":62,"type":"if","locations":[{"start":{"line":62,"column":2},"end":{"line":62,"column":2}},{"start":{"line":62,"column":2},"end":{"line":62,"column":2}}]},"11":{"line":71,"type":"if","locations":[{"start":{"line":71,"column":4},"end":{"line":71,"column":4}},{"start":{"line":71,"column":4},"end":{"line":71,"column":4}}]},"12":{"line":75,"type":"if","locations":[{"start":{"line":75,"column":6},"end":{"line":75,"column":6}},{"start":{"line":75,"column":6},"end":{"line":75,"column":6}}]}}},"/home/alvaropaco/Projects/testProject/api/responses/notFound.js":{"path":"/home/alvaropaco/Projects/testProject/api/responses/notFound.js","s":{"1":1,"2":0,"3":0,"4":0,"5":0,"6":0,"7":0,"8":0,"9":0,"10":0,"11":0,"12":0,"13":0,"14":0,"15":0,"16":0,"17":0,"18":0,"19":0,"20":0,"21":0,"22":0,"23":0,"24":0,"25":0,"26":0,"27":0},"b":{"1":[0,0],"2":[0,0],"3":[0,0],"4":[0,0],"5":[0,0],"6":[0,0],"7":[0,0],"8":[0,0],"9":[0,0],"10":[0,0],"11":[0,0],"12":[0,0]},"f":{"1":0,"2":0},"fnMap":{"1":{"name":"notFound","line":20,"loc":{"start":{"line":20,"column":17},"end":{"line":20,"column":51}}},"2":{"name":"(anonymous_2)","line":73,"loc":{"start":{"line":73,"column":70},"end":{"line":73,"column":91}}}},"statementMap":{"1":{"start":{"line":20,"column":0},"end":{"line":93,"column":2}},"2":{"start":{"line":23,"column":2},"end":{"line":23,"column":21}},"3":{"start":{"line":24,"column":2},"end":{"line":24,"column":21}},"4":{"start":{"line":25,"column":2},"end":{"line":25,"column":25}},"5":{"start":{"line":28,"column":2},"end":{"line":28,"column":18}},"6":{"start":{"line":31,"column":2},"end":{"line":34,"column":63}},"7":{"start":{"line":32,"column":4},"end":{"line":32,"column":69}},"8":{"start":{"line":34,"column":7},"end":{"line":34,"column":63}},"9":{"start":{"line":39,"column":2},"end":{"line":41,"column":3}},"10":{"start":{"line":40,"column":4},"end":{"line":40,"column":21}},"11":{"start":{"line":45,"column":2},"end":{"line":47,"column":3}},"12":{"start":{"line":46,"column":4},"end":{"line":46,"column":27}},"13":{"start":{"line":51,"column":2},"end":{"line":51,"column":78}},"14":{"start":{"line":54,"column":2},"end":{"line":54,"column":22}},"15":{"start":{"line":55,"column":2},"end":{"line":62,"column":3}},"16":{"start":{"line":56,"column":4},"end":{"line":61,"column":5}},"17":{"start":{"line":57,"column":6},"end":{"line":57,"column":62}},"18":{"start":{"line":60,"column":6},"end":{"line":60,"column":27}},"19":{"start":{"line":67,"column":2},"end":{"line":91,"column":5}},"20":{"start":{"line":68,"column":4},"end":{"line":68,"column":74}},"21":{"start":{"line":73,"column":7},"end":{"line":91,"column":5}},"22":{"start":{"line":76,"column":4},"end":{"line":88,"column":5}},"23":{"start":{"line":80,"column":6},"end":{"line":86,"column":7}},"24":{"start":{"line":81,"column":8},"end":{"line":81,"column":123}},"25":{"start":{"line":85,"column":8},"end":{"line":85,"column":144}},"26":{"start":{"line":87,"column":6},"end":{"line":87,"column":29}},"27":{"start":{"line":90,"column":4},"end":{"line":90,"column":26}}},"branchMap":{"1":{"line":31,"type":"if","locations":[{"start":{"line":31,"column":2},"end":{"line":31,"column":2}},{"start":{"line":31,"column":2},"end":{"line":31,"column":2}}]},"2":{"line":39,"type":"if","locations":[{"start":{"line":39,"column":2},"end":{"line":39,"column":2}},{"start":{"line":39,"column":2},"end":{"line":39,"column":2}}]},"3":{"line":39,"type":"binary-expr","locations":[{"start":{"line":39,"column":6},"end":{"line":39,"column":47}},{"start":{"line":39,"column":51},"end":{"line":39,"column":91}}]},"4":{"line":45,"type":"if","locations":[{"start":{"line":45,"column":2},"end":{"line":45,"column":2}},{"start":{"line":45,"column":2},"end":{"line":45,"column":2}}]},"5":{"line":45,"type":"binary-expr","locations":[{"start":{"line":45,"column":6},"end":{"line":45,"column":19}},{"start":{"line":45,"column":23},"end":{"line":45,"column":57}}]},"6":{"line":51,"type":"cond-expr","locations":[{"start":{"line":51,"column":44},"end":{"line":51,"column":61}},{"start":{"line":51,"column":64},"end":{"line":51,"column":77}}]},"7":{"line":51,"type":"binary-expr","locations":[{"start":{"line":51,"column":64},"end":{"line":51,"column":71}},{"start":{"line":51,"column":75},"end":{"line":51,"column":77}}]},"8":{"line":55,"type":"if","locations":[{"start":{"line":55,"column":2},"end":{"line":55,"column":2}},{"start":{"line":55,"column":2},"end":{"line":55,"column":2}}]},"9":{"line":55,"type":"binary-expr","locations":[{"start":{"line":55,"column":6},"end":{"line":55,"column":34}},{"start":{"line":55,"column":38},"end":{"line":55,"column":65}}]},"10":{"line":67,"type":"if","locations":[{"start":{"line":67,"column":2},"end":{"line":67,"column":2}},{"start":{"line":67,"column":2},"end":{"line":67,"column":2}}]},"11":{"line":76,"type":"if","locations":[{"start":{"line":76,"column":4},"end":{"line":76,"column":4}},{"start":{"line":76,"column":4},"end":{"line":76,"column":4}}]},"12":{"line":80,"type":"if","locations":[{"start":{"line":80,"column":6},"end":{"line":80,"column":6}},{"start":{"line":80,"column":6},"end":{"line":80,"column":6}}]}}},"/home/alvaropaco/Projects/testProject/api/responses/ok.js":{"path":"/home/alvaropaco/Projects/testProject/api/responses/ok.js","s":{"1":1,"2":0,"3":0,"4":0,"5":0,"6":0,"7":0,"8":0,"9":0,"10":0,"11":0,"12":0,"13":0,"14":0,"15":0,"16":0,"17":0,"18":0},"b":{"1":[0,0],"2":[0,0],"3":[0,0],"4":[0,0],"5":[0,0],"6":[0,0],"7":[0,0]},"f":{"1":0,"2":0},"fnMap":{"1":{"name":"sendOK","line":14,"loc":{"start":{"line":14,"column":17},"end":{"line":14,"column":49}}},"2":{"name":"couldNotGuessView","line":56,"loc":{"start":{"line":56,"column":61},"end":{"line":56,"column":91}}}},"statementMap":{"1":{"start":{"line":14,"column":0},"end":{"line":60,"column":2}},"2":{"start":{"line":17,"column":2},"end":{"line":17,"column":21}},"3":{"start":{"line":18,"column":2},"end":{"line":18,"column":21}},"4":{"start":{"line":19,"column":2},"end":{"line":19,"column":25}},"5":{"start":{"line":21,"column":2},"end":{"line":21,"column":61}},"6":{"start":{"line":24,"column":2},"end":{"line":24,"column":18}},"7":{"start":{"line":28,"column":2},"end":{"line":30,"column":3}},"8":{"start":{"line":29,"column":4},"end":{"line":29,"column":27}},"9":{"start":{"line":34,"column":2},"end":{"line":34,"column":78}},"10":{"start":{"line":37,"column":2},"end":{"line":37,"column":22}},"11":{"start":{"line":38,"column":2},"end":{"line":45,"column":3}},"12":{"start":{"line":39,"column":4},"end":{"line":44,"column":5}},"13":{"start":{"line":40,"column":6},"end":{"line":40,"column":62}},"14":{"start":{"line":43,"column":6},"end":{"line":43,"column":27}},"15":{"start":{"line":50,"column":2},"end":{"line":58,"column":5}},"16":{"start":{"line":51,"column":4},"end":{"line":51,"column":67}},"17":{"start":{"line":56,"column":7},"end":{"line":58,"column":5}},"18":{"start":{"line":57,"column":4},"end":{"line":57,"column":27}}},"branchMap":{"1":{"line":28,"type":"if","locations":[{"start":{"line":28,"column":2},"end":{"line":28,"column":2}},{"start":{"line":28,"column":2},"end":{"line":28,"column":2}}]},"2":{"line":28,"type":"binary-expr","locations":[{"start":{"line":28,"column":6},"end":{"line":28,"column":19}},{"start":{"line":28,"column":23},"end":{"line":28,"column":57}}]},"3":{"line":34,"type":"cond-expr","locations":[{"start":{"line":34,"column":44},"end":{"line":34,"column":61}},{"start":{"line":34,"column":64},"end":{"line":34,"column":77}}]},"4":{"line":34,"type":"binary-expr","locations":[{"start":{"line":34,"column":64},"end":{"line":34,"column":71}},{"start":{"line":34,"column":75},"end":{"line":34,"column":77}}]},"5":{"line":38,"type":"if","locations":[{"start":{"line":38,"column":2},"end":{"line":38,"column":2}},{"start":{"line":38,"column":2},"end":{"line":38,"column":2}}]},"6":{"line":38,"type":"binary-expr","locations":[{"start":{"line":38,"column":6},"end":{"line":38,"column":34}},{"start":{"line":38,"column":38},"end":{"line":38,"column":65}}]},"7":{"line":50,"type":"if","locations":[{"start":{"line":50,"column":2},"end":{"line":50,"column":2}},{"start":{"line":50,"column":2},"end":{"line":50,"column":2}}]}}},"/home/alvaropaco/Projects/testProject/api/responses/serverError.js":{"path":"/home/alvaropaco/Projects/testProject/api/responses/serverError.js","s":{"1":1,"2":0,"3":0,"4":0,"5":0,"6":0,"7":0,"8":0,"9":0,"10":0,"11":0,"12":0,"13":0,"14":0,"15":0,"16":0,"17":0,"18":0,"19":0,"20":0,"21":0,"22":0,"23":0,"24":0,"25":0,"26":0,"27":0},"b":{"1":[0,0],"2":[0,0],"3":[0,0],"4":[0,0],"5":[0,0],"6":[0,0],"7":[0,0],"8":[0,0],"9":[0,0],"10":[0,0],"11":[0,0],"12":[0,0]},"f":{"1":0,"2":0},"fnMap":{"1":{"name":"serverError","line":15,"loc":{"start":{"line":15,"column":17},"end":{"line":15,"column":54}}},"2":{"name":"(anonymous_2)","line":68,"loc":{"start":{"line":68,"column":73},"end":{"line":68,"column":94}}}},"statementMap":{"1":{"start":{"line":15,"column":0},"end":{"line":88,"column":2}},"2":{"start":{"line":18,"column":2},"end":{"line":18,"column":21}},"3":{"start":{"line":19,"column":2},"end":{"line":19,"column":21}},"4":{"start":{"line":20,"column":2},"end":{"line":20,"column":25}},"5":{"start":{"line":23,"column":2},"end":{"line":23,"column":18}},"6":{"start":{"line":26,"column":2},"end":{"line":29,"column":70}},"7":{"start":{"line":27,"column":4},"end":{"line":27,"column":70}},"8":{"start":{"line":29,"column":7},"end":{"line":29,"column":70}},"9":{"start":{"line":34,"column":2},"end":{"line":36,"column":3}},"10":{"start":{"line":35,"column":4},"end":{"line":35,"column":21}},"11":{"start":{"line":40,"column":2},"end":{"line":42,"column":3}},"12":{"start":{"line":41,"column":4},"end":{"line":41,"column":27}},"13":{"start":{"line":46,"column":2},"end":{"line":46,"column":78}},"14":{"start":{"line":49,"column":2},"end":{"line":49,"column":22}},"15":{"start":{"line":50,"column":2},"end":{"line":57,"column":3}},"16":{"start":{"line":51,"column":4},"end":{"line":56,"column":5}},"17":{"start":{"line":52,"column":6},"end":{"line":52,"column":62}},"18":{"start":{"line":55,"column":6},"end":{"line":55,"column":27}},"19":{"start":{"line":62,"column":2},"end":{"line":86,"column":5}},"20":{"start":{"line":63,"column":4},"end":{"line":63,"column":77}},"21":{"start":{"line":68,"column":7},"end":{"line":86,"column":5}},"22":{"start":{"line":71,"column":4},"end":{"line":83,"column":5}},"23":{"start":{"line":75,"column":6},"end":{"line":81,"column":7}},"24":{"start":{"line":76,"column":8},"end":{"line":76,"column":126}},"25":{"start":{"line":80,"column":8},"end":{"line":80,"column":147}},"26":{"start":{"line":82,"column":6},"end":{"line":82,"column":29}},"27":{"start":{"line":85,"column":4},"end":{"line":85,"column":26}}},"branchMap":{"1":{"line":26,"type":"if","locations":[{"start":{"line":26,"column":2},"end":{"line":26,"column":2}},{"start":{"line":26,"column":2},"end":{"line":26,"column":2}}]},"2":{"line":34,"type":"if","locations":[{"start":{"line":34,"column":2},"end":{"line":34,"column":2}},{"start":{"line":34,"column":2},"end":{"line":34,"column":2}}]},"3":{"line":34,"type":"binary-expr","locations":[{"start":{"line":34,"column":6},"end":{"line":34,"column":47}},{"start":{"line":34,"column":51},"end":{"line":34,"column":91}}]},"4":{"line":40,"type":"if","locations":[{"start":{"line":40,"column":2},"end":{"line":40,"column":2}},{"start":{"line":40,"column":2},"end":{"line":40,"column":2}}]},"5":{"line":40,"type":"binary-expr","locations":[{"start":{"line":40,"column":6},"end":{"line":40,"column":19}},{"start":{"line":40,"column":23},"end":{"line":40,"column":57}}]},"6":{"line":46,"type":"cond-expr","locations":[{"start":{"line":46,"column":44},"end":{"line":46,"column":61}},{"start":{"line":46,"column":64},"end":{"line":46,"column":77}}]},"7":{"line":46,"type":"binary-expr","locations":[{"start":{"line":46,"column":64},"end":{"line":46,"column":71}},{"start":{"line":46,"column":75},"end":{"line":46,"column":77}}]},"8":{"line":50,"type":"if","locations":[{"start":{"line":50,"column":2},"end":{"line":50,"column":2}},{"start":{"line":50,"column":2},"end":{"line":50,"column":2}}]},"9":{"line":50,"type":"binary-expr","locations":[{"start":{"line":50,"column":6},"end":{"line":50,"column":34}},{"start":{"line":50,"column":38},"end":{"line":50,"column":65}}]},"10":{"line":62,"type":"if","locations":[{"start":{"line":62,"column":2},"end":{"line":62,"column":2}},{"start":{"line":62,"column":2},"end":{"line":62,"column":2}}]},"11":{"line":71,"type":"if","locations":[{"start":{"line":71,"column":4},"end":{"line":71,"column":4}},{"start":{"line":71,"column":4},"end":{"line":71,"column":4}}]},"12":{"line":75,"type":"if","locations":[{"start":{"line":75,"column":6},"end":{"line":75,"column":6}},{"start":{"line":75,"column":6},"end":{"line":75,"column":6}}]}}},"/home/alvaropaco/Projects/testProject/api/models/Owner.js":{"path":"/home/alvaropaco/Projects/testProject/api/models/Owner.js","s":{"1":1},"b":{},"f":{},"fnMap":{},"statementMap":{"1":{"start":{"line":8,"column":0},"end":{"line":22,"column":2}}},"branchMap":{}},"/home/alvaropaco/Projects/testProject/api/models/Pet.js":{"path":"/home/alvaropaco/Projects/testProject/api/models/Pet.js","s":{"1":1},"b":{},"f":{},"fnMap":{},"statementMap":{"1":{"start":{"line":8,"column":0},"end":{"line":21,"column":2}}},"branchMap":{}},"/home/alvaropaco/Projects/testProject/api/models/User.js":{"path":"/home/alvaropaco/Projects/testProject/api/models/User.js","s":{"1":1},"b":{},"f":{},"fnMap":{},"statementMap":{"1":{"start":{"line":8,"column":0},"end":{"line":18,"column":2}}},"branchMap":{}},"/home/alvaropaco/Projects/testProject/api/controllers/OwnerController.js":{"path":"/home/alvaropaco/Projects/testProject/api/controllers/OwnerController.js","s":{"1":1},"b":{},"f":{},"fnMap":{},"statementMap":{"1":{"start":{"line":8,"column":0},"end":{"line":10,"column":2}}},"branchMap":{}},"/home/alvaropaco/Projects/testProject/api/controllers/PetController.js":{"path":"/home/alvaropaco/Projects/testProject/api/controllers/PetController.js","s":{"1":1,"2":1,"3":0,"4":1,"5":1,"6":1,"7":1,"8":1,"9":1,"10":0,"11":1,"12":0,"13":1,"14":0,"15":1,"16":1,"17":1,"18":1,"19":1,"20":0,"21":0,"22":0,"23":0,"24":1,"25":1,"26":0,"27":1,"28":1,"29":1,"30":1,"31":1,"32":1,"33":1,"34":1,"35":0,"36":1,"37":1,"38":1,"39":1,"40":1,"41":0,"42":0,"43":1,"44":0,"45":1,"46":1,"47":1,"48":1,"49":1,"50":1,"51":1,"52":1,"53":0,"54":1,"55":1,"56":1,"57":0,"58":0,"59":1,"60":0},"b":{"1":[0,1],"2":[0,1],"3":[0,1],"4":[0,0],"5":[0,1],"6":[0,1],"7":[0,1],"8":[0,1]},"f":{"1":1,"2":1,"3":1,"4":1,"5":0,"6":1,"7":1,"8":0,"9":0,"10":1,"11":1,"12":1,"13":1,"14":1,"15":1,"16":1,"17":1,"18":1,"19":0,"20":0,"21":1,"22":1,"23":1,"24":1,"25":1,"26":1,"27":0,"28":0,"29":1,"30":0},"fnMap":{"1":{"name":"(anonymous_1)","line":9,"loc":{"start":{"line":9,"column":5},"end":{"line":9,"column":25}}},"2":{"name":"(anonymous_2)","line":11,"loc":{"start":{"line":11,"column":14},"end":{"line":11,"column":27}}},"3":{"name":"(anonymous_3)","line":23,"loc":{"start":{"line":23,"column":14},"end":{"line":23,"column":30}}},"4":{"name":"(anonymous_4)","line":27,"loc":{"start":{"line":27,"column":18},"end":{"line":27,"column":42}}},"5":{"name":"(anonymous_5)","line":32,"loc":{"start":{"line":32,"column":15},"end":{"line":32,"column":32}}},"6":{"name":"(anonymous_6)","line":37,"loc":{"start":{"line":37,"column":10},"end":{"line":37,"column":30}}},"7":{"name":"(anonymous_7)","line":39,"loc":{"start":{"line":39,"column":14},"end":{"line":39,"column":27}}},"8":{"name":"(anonymous_8)","line":50,"loc":{"start":{"line":50,"column":14},"end":{"line":50,"column":30}}},"9":{"name":"(anonymous_9)","line":54,"loc":{"start":{"line":54,"column":18},"end":{"line":54,"column":42}}},"10":{"name":"(anonymous_10)","line":59,"loc":{"start":{"line":59,"column":15},"end":{"line":59,"column":32}}},"11":{"name":"(anonymous_11)","line":64,"loc":{"start":{"line":64,"column":11},"end":{"line":64,"column":31}}},"12":{"name":"(anonymous_12)","line":67,"loc":{"start":{"line":67,"column":14},"end":{"line":67,"column":27}}},"13":{"name":"(anonymous_13)","line":74,"loc":{"start":{"line":74,"column":24},"end":{"line":74,"column":38}}},"14":{"name":"(anonymous_14)","line":80,"loc":{"start":{"line":80,"column":14},"end":{"line":80,"column":30}}},"15":{"name":"(anonymous_15)","line":84,"loc":{"start":{"line":84,"column":18},"end":{"line":84,"column":40}}},"16":{"name":"(anonymous_16)","line":86,"loc":{"start":{"line":86,"column":22},"end":{"line":86,"column":35}}},"17":{"name":"(anonymous_17)","line":89,"loc":{"start":{"line":89,"column":24},"end":{"line":89,"column":40}}},"18":{"name":"(anonymous_18)","line":92,"loc":{"start":{"line":92,"column":26},"end":{"line":92,"column":46}}},"19":{"name":"(anonymous_19)","line":95,"loc":{"start":{"line":95,"column":25},"end":{"line":95,"column":42}}},"20":{"name":"(anonymous_20)","line":101,"loc":{"start":{"line":101,"column":15},"end":{"line":101,"column":32}}},"21":{"name":"(anonymous_21)","line":106,"loc":{"start":{"line":106,"column":15},"end":{"line":106,"column":35}}},"22":{"name":"(anonymous_22)","line":109,"loc":{"start":{"line":109,"column":14},"end":{"line":109,"column":27}}},"23":{"name":"(anonymous_23)","line":116,"loc":{"start":{"line":116,"column":24},"end":{"line":116,"column":38}}},"24":{"name":"(anonymous_24)","line":122,"loc":{"start":{"line":122,"column":14},"end":{"line":122,"column":30}}},"25":{"name":"(anonymous_25)","line":126,"loc":{"start":{"line":126,"column":18},"end":{"line":126,"column":40}}},"26":{"name":"(anonymous_26)","line":128,"loc":{"start":{"line":128,"column":22},"end":{"line":128,"column":35}}},"27":{"name":"(anonymous_27)","line":131,"loc":{"start":{"line":131,"column":24},"end":{"line":131,"column":40}}},"28":{"name":"(anonymous_28)","line":134,"loc":{"start":{"line":134,"column":26},"end":{"line":134,"column":46}}},"29":{"name":"(anonymous_29)","line":137,"loc":{"start":{"line":137,"column":25},"end":{"line":137,"column":42}}},"30":{"name":"(anonymous_30)","line":143,"loc":{"start":{"line":143,"column":15},"end":{"line":143,"column":32}}}},"statementMap":{"1":{"start":{"line":8,"column":0},"end":{"line":148,"column":2}},"2":{"start":{"line":10,"column":8},"end":{"line":10,"column":29}},"3":{"start":{"line":10,"column":16},"end":{"line":10,"column":29}},"4":{"start":{"line":11,"column":8},"end":{"line":35,"column":11}},"5":{"start":{"line":14,"column":12},"end":{"line":14,"column":32}},"6":{"start":{"line":15,"column":12},"end":{"line":15,"column":110}},"7":{"start":{"line":21,"column":12},"end":{"line":21,"column":36}},"8":{"start":{"line":25,"column":12},"end":{"line":30,"column":14}},"9":{"start":{"line":28,"column":16},"end":{"line":28,"column":65}},"10":{"start":{"line":28,"column":24},"end":{"line":28,"column":65}},"11":{"start":{"line":29,"column":16},"end":{"line":29,"column":45}},"12":{"start":{"line":34,"column":12},"end":{"line":34,"column":39}},"13":{"start":{"line":38,"column":8},"end":{"line":38,"column":29}},"14":{"start":{"line":38,"column":16},"end":{"line":38,"column":29}},"15":{"start":{"line":39,"column":8},"end":{"line":62,"column":11}},"16":{"start":{"line":42,"column":12},"end":{"line":42,"column":84}},"17":{"start":{"line":43,"column":12},"end":{"line":43,"column":74}},"18":{"start":{"line":45,"column":12},"end":{"line":45,"column":91}},"19":{"start":{"line":48,"column":12},"end":{"line":48,"column":40}},"20":{"start":{"line":52,"column":12},"end":{"line":57,"column":14}},"21":{"start":{"line":55,"column":16},"end":{"line":55,"column":65}},"22":{"start":{"line":55,"column":24},"end":{"line":55,"column":65}},"23":{"start":{"line":56,"column":16},"end":{"line":56,"column":45}},"24":{"start":{"line":61,"column":12},"end":{"line":61,"column":39}},"25":{"start":{"line":65,"column":8},"end":{"line":65,"column":29}},"26":{"start":{"line":65,"column":16},"end":{"line":65,"column":29}},"27":{"start":{"line":66,"column":8},"end":{"line":66,"column":29}},"28":{"start":{"line":67,"column":8},"end":{"line":104,"column":11}},"29":{"start":{"line":70,"column":12},"end":{"line":72,"column":14}},"30":{"start":{"line":73,"column":12},"end":{"line":77,"column":14}},"31":{"start":{"line":75,"column":20},"end":{"line":75,"column":130}},"32":{"start":{"line":78,"column":12},"end":{"line":78,"column":39}},"33":{"start":{"line":82,"column":12},"end":{"line":99,"column":14}},"34":{"start":{"line":85,"column":16},"end":{"line":85,"column":49}},"35":{"start":{"line":85,"column":24},"end":{"line":85,"column":49}},"36":{"start":{"line":86,"column":16},"end":{"line":98,"column":19}},"37":{"start":{"line":87,"column":20},"end":{"line":87,"column":119}},"38":{"start":{"line":88,"column":20},"end":{"line":88,"column":43}},"39":{"start":{"line":90,"column":20},"end":{"line":94,"column":22}},"40":{"start":{"line":93,"column":24},"end":{"line":93,"column":49}},"41":{"start":{"line":97,"column":20},"end":{"line":97,"column":47}},"42":{"start":{"line":103,"column":12},"end":{"line":103,"column":39}},"43":{"start":{"line":107,"column":8},"end":{"line":107,"column":29}},"44":{"start":{"line":107,"column":16},"end":{"line":107,"column":29}},"45":{"start":{"line":108,"column":8},"end":{"line":108,"column":29}},"46":{"start":{"line":109,"column":8},"end":{"line":146,"column":11}},"47":{"start":{"line":112,"column":12},"end":{"line":114,"column":14}},"48":{"start":{"line":115,"column":12},"end":{"line":119,"column":14}},"49":{"start":{"line":117,"column":20},"end":{"line":117,"column":130}},"50":{"start":{"line":120,"column":12},"end":{"line":120,"column":39}},"51":{"start":{"line":124,"column":12},"end":{"line":141,"column":14}},"52":{"start":{"line":127,"column":16},"end":{"line":127,"column":49}},"53":{"start":{"line":127,"column":24},"end":{"line":127,"column":49}},"54":{"start":{"line":128,"column":16},"end":{"line":140,"column":19}},"55":{"start":{"line":129,"column":20},"end":{"line":129,"column":119}},"56":{"start":{"line":130,"column":20},"end":{"line":130,"column":43}},"57":{"start":{"line":132,"column":20},"end":{"line":136,"column":22}},"58":{"start":{"line":135,"column":24},"end":{"line":135,"column":49}},"59":{"start":{"line":139,"column":20},"end":{"line":139,"column":47}},"60":{"start":{"line":145,"column":12},"end":{"line":145,"column":39}}},"branchMap":{"1":{"line":10,"type":"if","locations":[{"start":{"line":10,"column":8},"end":{"line":10,"column":8}},{"start":{"line":10,"column":8},"end":{"line":10,"column":8}}]},"2":{"line":28,"type":"if","locations":[{"start":{"line":28,"column":16},"end":{"line":28,"column":16}},{"start":{"line":28,"column":16},"end":{"line":28,"column":16}}]},"3":{"line":38,"type":"if","locations":[{"start":{"line":38,"column":8},"end":{"line":38,"column":8}},{"start":{"line":38,"column":8},"end":{"line":38,"column":8}}]},"4":{"line":55,"type":"if","locations":[{"start":{"line":55,"column":16},"end":{"line":55,"column":16}},{"start":{"line":55,"column":16},"end":{"line":55,"column":16}}]},"5":{"line":65,"type":"if","locations":[{"start":{"line":65,"column":8},"end":{"line":65,"column":8}},{"start":{"line":65,"column":8},"end":{"line":65,"column":8}}]},"6":{"line":85,"type":"if","locations":[{"start":{"line":85,"column":16},"end":{"line":85,"column":16}},{"start":{"line":85,"column":16},"end":{"line":85,"column":16}}]},"7":{"line":107,"type":"if","locations":[{"start":{"line":107,"column":8},"end":{"line":107,"column":8}},{"start":{"line":107,"column":8},"end":{"line":107,"column":8}}]},"8":{"line":127,"type":"if","locations":[{"start":{"line":127,"column":16},"end":{"line":127,"column":16}},{"start":{"line":127,"column":16},"end":{"line":127,"column":16}}]}}},"/home/alvaropaco/Projects/testProject/api/controllers/UserController.js":{"path":"/home/alvaropaco/Projects/testProject/api/controllers/UserController.js","s":{"1":1,"2":1,"3":1,"4":1,"5":0,"6":0,"7":0,"8":0,"9":0,"10":0,"11":0,"12":0,"13":0,"14":0,"15":0,"16":0},"b":{"1":[0,0],"2":[0,0]},"f":{"1":0,"2":0,"3":0,"4":0,"5":0},"fnMap":{"1":{"name":"(anonymous_1)","line":20,"loc":{"start":{"line":20,"column":5},"end":{"line":20,"column":25}}},"2":{"name":"(anonymous_2)","line":22,"loc":{"start":{"line":22,"column":14},"end":{"line":22,"column":27}}},"3":{"name":"(anonymous_3)","line":33,"loc":{"start":{"line":33,"column":14},"end":{"line":33,"column":30}}},"4":{"name":"(anonymous_4)","line":37,"loc":{"start":{"line":37,"column":18},"end":{"line":37,"column":42}}},"5":{"name":"(anonymous_5)","line":42,"loc":{"start":{"line":42,"column":15},"end":{"line":42,"column":32}}}},"statementMap":{"1":{"start":{"line":1,"column":0},"end":{"line":3,"column":3}},"2":{"start":{"line":4,"column":0},"end":{"line":10,"column":2}},"3":{"start":{"line":11,"column":0},"end":{"line":11,"column":13}},"4":{"start":{"line":19,"column":0},"end":{"line":47,"column":2}},"5":{"start":{"line":21,"column":8},"end":{"line":21,"column":29}},"6":{"start":{"line":21,"column":16},"end":{"line":21,"column":29}},"7":{"start":{"line":22,"column":8},"end":{"line":45,"column":11}},"8":{"start":{"line":25,"column":12},"end":{"line":25,"column":84}},"9":{"start":{"line":26,"column":12},"end":{"line":26,"column":74}},"10":{"start":{"line":28,"column":12},"end":{"line":28,"column":91}},"11":{"start":{"line":31,"column":12},"end":{"line":31,"column":40}},"12":{"start":{"line":35,"column":12},"end":{"line":40,"column":14}},"13":{"start":{"line":38,"column":16},"end":{"line":38,"column":65}},"14":{"start":{"line":38,"column":24},"end":{"line":38,"column":65}},"15":{"start":{"line":39,"column":16},"end":{"line":39,"column":45}},"16":{"start":{"line":44,"column":12},"end":{"line":44,"column":55}}},"branchMap":{"1":{"line":21,"type":"if","locations":[{"start":{"line":21,"column":8},"end":{"line":21,"column":8}},{"start":{"line":21,"column":8},"end":{"line":21,"column":8}}]},"2":{"line":38,"type":"if","locations":[{"start":{"line":38,"column":16},"end":{"line":38,"column":16}},{"start":{"line":38,"column":16},"end":{"line":38,"column":16}}]}}},"/home/alvaropaco/Projects/testProject/api/policies/sessionAuth.js":{"path":"/home/alvaropaco/Projects/testProject/api/policies/sessionAuth.js","s":{"1":1,"2":0,"3":0,"4":0},"b":{"1":[0,0]},"f":{"1":0},"fnMap":{"1":{"name":"(anonymous_1)","line":10,"loc":{"start":{"line":10,"column":17},"end":{"line":10,"column":42}}}},"statementMap":{"1":{"start":{"line":10,"column":0},"end":{"line":21,"column":2}},"2":{"start":{"line":14,"column":2},"end":{"line":16,"column":3}},"3":{"start":{"line":15,"column":4},"end":{"line":15,"column":18}},"4":{"start":{"line":20,"column":2},"end":{"line":20,"column":72}}},"branchMap":{"1":{"line":14,"type":"if","locations":[{"start":{"line":14,"column":2},"end":{"line":14,"column":2}},{"start":{"line":14,"column":2},"end":{"line":14,"column":2}}]}}}}